This is pdfTeX, Version 3.1415926-2.5-1.40.14 (TeX Live 2013/Debian) (format=pdflatex 2014.2.1)  14 MAY 2014 16:22
entering extended mode
 restricted \write18 enabled.
 %&-line parsing enabled.
**bragg.tex
(./bragg.tex
LaTeX2e <2011/06/27>
Babel <3.9f> and hyphenation patterns for 78 languages loaded.
(/usr/share/texlive/texmf-dist/tex/latex/base/article.cls
Document Class: article 2007/10/19 v1.4h Standard LaTeX document class
(/usr/share/texlive/texmf-dist/tex/latex/base/size11.clo
File: size11.clo 2007/10/19 v1.4h Standard LaTeX file (size option)
)
\c@part=\count79
\c@section=\count80
\c@subsection=\count81
\c@subsubsection=\count82
\c@paragraph=\count83
\c@subparagraph=\count84
\c@figure=\count85
\c@table=\count86
\abovecaptionskip=\skip41
\belowcaptionskip=\skip42
\bibindent=\dimen102
)
(/usr/share/texlive/texmf-dist/tex/latex/geometry/geometry.sty
Package: geometry 2010/09/12 v5.6 Page Geometry

(/usr/share/texlive/texmf-dist/tex/latex/graphics/keyval.sty
Package: keyval 1999/03/16 v1.13 key=value parser (DPC)
\KV@toks@=\toks14
)
(/usr/share/texlive/texmf-dist/tex/generic/oberdiek/ifpdf.sty
Package: ifpdf 2011/01/30 v2.3 Provides the ifpdf switch (HO)
Package ifpdf Info: pdfTeX in PDF mode is detected.
)
(/usr/share/texlive/texmf-dist/tex/generic/oberdiek/ifvtex.sty
Package: ifvtex 2010/03/01 v1.5 Detect VTeX and its facilities (HO)
Package ifvtex Info: VTeX not detected.
)
(/usr/share/texlive/texmf-dist/tex/generic/ifxetex/ifxetex.sty
Package: ifxetex 2010/09/12 v0.6 Provides ifxetex conditional
)
\Gm@cnth=\count87
\Gm@cntv=\count88
\c@Gm@tempcnt=\count89
\Gm@bindingoffset=\dimen103
\Gm@wd@mp=\dimen104
\Gm@odd@mp=\dimen105
\Gm@even@mp=\dimen106
\Gm@layoutwidth=\dimen107
\Gm@layoutheight=\dimen108
\Gm@layouthoffset=\dimen109
\Gm@layoutvoffset=\dimen110
\Gm@dimlist=\toks15
)
(/usr/share/texlive/texmf-dist/tex/generic/babel/babel.sty
Package: babel 2013/05/16 v3.9f The Babel package

(/usr/share/texlive/texmf-dist/tex/generic/babel-greek/greek.ldf
Language: greek 2013/07/19 v1.6 Greek support for the babel system

(/usr/share/texlive/texmf-dist/tex/generic/babel/babel.def
File: babel.def 2013/05/16 v3.9f Babel common definitions
\babel@savecnt=\count90
\U@D=\dimen111
)
(/usr/share/texlive/texmf-dist/tex/latex/greek-fontenc/lgrenc.def
File: lgrenc.def 2013/07/16 v0.9 LGR Greek font encoding definitions

(/usr/share/texlive/texmf-dist/tex/latex/greek-fontenc/greek-fontenc.def
File: greek-fontenc.def 2013/07/18 v0.9.1 Common Greek font encoding definition
s
)))
(/usr/share/texlive/texmf-dist/tex/generic/babel-english/english.ldf
Language: english 2012/08/20 v3.3p English support from the babel system
\l@canadian = a dialect from \language\l@american 
\l@australian = a dialect from \language\l@british 
\l@newzealand = a dialect from \language\l@british 
))
(/usr/share/texlive/texmf-dist/tex/latex/tools/multicol.sty
Package: multicol 2011/06/27 v1.7a multicolumn formatting (FMi)
\c@tracingmulticols=\count91
\mult@box=\box26
\multicol@leftmargin=\dimen112
\c@unbalance=\count92
\c@collectmore=\count93
\doublecol@number=\count94
\multicoltolerance=\count95
\multicolpretolerance=\count96
\full@width=\dimen113
\page@free=\dimen114
\premulticols=\dimen115
\postmulticols=\dimen116
\multicolsep=\skip43
\multicolbaselineskip=\skip44
\partial@page=\box27
\last@line=\box28
\mult@rightbox=\box29
\mult@grightbox=\box30
\mult@gfirstbox=\box31
\mult@firstbox=\box32
\@tempa=\box33
\@tempa=\box34
\@tempa=\box35
\@tempa=\box36
\@tempa=\box37
\@tempa=\box38
\@tempa=\box39
\@tempa=\box40
\@tempa=\box41
\@tempa=\box42
\@tempa=\box43
\@tempa=\box44
\@tempa=\box45
\@tempa=\box46
\@tempa=\box47
\@tempa=\box48
\@tempa=\box49
\c@columnbadness=\count97
\c@finalcolumnbadness=\count98
\last@try=\dimen117
\multicolovershoot=\dimen118
\multicolundershoot=\dimen119
\mult@nat@firstbox=\box50
\colbreak@box=\box51
\multicol@sort@counter=\count99
)
(/usr/share/texlive/texmf-dist/tex/latex/graphics/graphicx.sty
Package: graphicx 1999/02/16 v1.0f Enhanced LaTeX Graphics (DPC,SPQR)

(/usr/share/texlive/texmf-dist/tex/latex/graphics/graphics.sty
Package: graphics 2009/02/05 v1.0o Standard LaTeX Graphics (DPC,SPQR)

(/usr/share/texlive/texmf-dist/tex/latex/graphics/trig.sty
Package: trig 1999/03/16 v1.09 sin cos tan (DPC)
)
(/usr/share/texlive/texmf-dist/tex/latex/latexconfig/graphics.cfg
File: graphics.cfg 2010/04/23 v1.9 graphics configuration of TeX Live
)
Package graphics Info: Driver file: pdftex.def on input line 91.

(/usr/share/texlive/texmf-dist/tex/latex/pdftex-def/pdftex.def
File: pdftex.def 2011/05/27 v0.06d Graphics/color for pdfTeX

(/usr/share/texlive/texmf-dist/tex/generic/oberdiek/infwarerr.sty
Package: infwarerr 2010/04/08 v1.3 Providing info/warning/error messages (HO)
)
(/usr/share/texlive/texmf-dist/tex/generic/oberdiek/ltxcmds.sty
Package: ltxcmds 2011/11/09 v1.22 LaTeX kernel commands for general use (HO)
)
\Gread@gobject=\count100
))
\Gin@req@height=\dimen120
\Gin@req@width=\dimen121
)
(/usr/share/texlive/texmf-dist/tex/latex/adjustbox/adjustbox.sty
Package: adjustbox 2012/05/21 v1.0 Adjusting TeX boxes (trim, clip, ...)

(/usr/share/texlive/texmf-dist/tex/latex/xkeyval/xkeyval.sty
Package: xkeyval 2012/10/14 v2.6b package option processing (HA)

(/usr/share/texlive/texmf-dist/tex/generic/xkeyval/xkeyval.tex
\XKV@toks=\toks16
\XKV@tempa@toks=\toks17
\XKV@depth=\count101
File: xkeyval.tex 2012/10/14 v2.6b key=value parser (HA)
))
(/usr/share/texlive/texmf-dist/tex/latex/adjustbox/adjcalc.sty
Package: adjcalc 2012/05/16 v1.1 Provides advanced setlength with multiple back
-ends (calc, etex, pgfmath)
)
(/usr/share/texlive/texmf-dist/tex/latex/adjustbox/trimclip.sty
Package: trimclip 2012/05/16 v1.0 Trim and clip general TeX material

(/usr/share/texlive/texmf-dist/tex/latex/collectbox/collectbox.sty
Package: collectbox 2012/05/17 v0.4b Collect macro arguments as boxes
\collectedbox=\box52
)
\tc@llx=\dimen122
\tc@lly=\dimen123
\tc@urx=\dimen124
\tc@ury=\dimen125
Package trimclip Info: Using driver 'tc-pdftex.def'.

(/usr/share/texlive/texmf-dist/tex/latex/adjustbox/tc-pdftex.def
File: tc-pdftex.def 2012/05/13 v1.0 Clipping driver for pdftex
))
\adjbox@Width=\dimen126
\adjbox@Height=\dimen127
\adjbox@Depth=\dimen128
\adjbox@Totalheight=\dimen129

(/usr/share/texlive/texmf-dist/tex/latex/ifoddpage/ifoddpage.sty
Package: ifoddpage 2011/09/13 v1.0 Conditionals for odd/even page detection
\c@checkoddpage=\count102
)
(/usr/share/texlive/texmf-dist/tex/latex/varwidth/varwidth.sty
Package: varwidth 2009/03/30 ver 0.92;  Variable-width minipages
\@vwid@box=\box53
\sift@deathcycles=\count103
\@vwid@loff=\dimen130
\@vwid@roff=\dimen131
))
(/usr/share/texlive/texmf-dist/tex/latex/setspace/setspace.sty
Package: setspace 2011/12/19 v6.7a set line spacing
)
(/usr/share/texlive/texmf-dist/tex/latex/fancyhdr/fancyhdr.sty
\fancy@headwidth=\skip45
\f@ncyO@elh=\skip46
\f@ncyO@erh=\skip47
\f@ncyO@olh=\skip48
\f@ncyO@orh=\skip49
\f@ncyO@elf=\skip50
\f@ncyO@erf=\skip51
\f@ncyO@olf=\skip52
\f@ncyO@orf=\skip53
)
(/usr/share/texlive/texmf-dist/tex/latex/amsmath/amsmath.sty
Package: amsmath 2013/01/14 v2.14 AMS math features
\@mathmargin=\skip54

For additional information on amsmath, use the `?' option.
(/usr/share/texlive/texmf-dist/tex/latex/amsmath/amstext.sty
Package: amstext 2000/06/29 v2.01

(/usr/share/texlive/texmf-dist/tex/latex/amsmath/amsgen.sty
File: amsgen.sty 1999/11/30 v2.0
\@emptytoks=\toks18
\ex@=\dimen132
))
(/usr/share/texlive/texmf-dist/tex/latex/amsmath/amsbsy.sty
Package: amsbsy 1999/11/29 v1.2d
\pmbraise@=\dimen133
)
(/usr/share/texlive/texmf-dist/tex/latex/amsmath/amsopn.sty
Package: amsopn 1999/12/14 v2.01 operator names
)
\inf@bad=\count104
LaTeX Info: Redefining \frac on input line 210.
\uproot@=\count105
\leftroot@=\count106
LaTeX Info: Redefining \overline on input line 306.
\classnum@=\count107
\DOTSCASE@=\count108
LaTeX Info: Redefining \ldots on input line 378.
LaTeX Info: Redefining \dots on input line 381.
LaTeX Info: Redefining \cdots on input line 466.
\Mathstrutbox@=\box54
\strutbox@=\box55
\big@size=\dimen134
LaTeX Font Info:    Redeclaring font encoding OML on input line 566.
LaTeX Font Info:    Redeclaring font encoding OMS on input line 567.
\macc@depth=\count109
\c@MaxMatrixCols=\count110
\dotsspace@=\muskip10
\c@parentequation=\count111
\dspbrk@lvl=\count112
\tag@help=\toks19
\row@=\count113
\column@=\count114
\maxfields@=\count115
\andhelp@=\toks20
\eqnshift@=\dimen135
\alignsep@=\dimen136
\tagshift@=\dimen137
\tagwidth@=\dimen138
\totwidth@=\dimen139
\lineht@=\dimen140
\@envbody=\toks21
\multlinegap=\skip55
\multlinetaggap=\skip56
\mathdisplay@stack=\toks22
LaTeX Info: Redefining \[ on input line 2665.
LaTeX Info: Redefining \] on input line 2666.
)
(/usr/share/texlive/texmf-dist/tex/latex/tools/bm.sty
Package: bm 2004/02/26 v1.1c Bold Symbol Support (DPC/FMi)
\symboldoperators=\mathgroup4
\symboldletters=\mathgroup5
\symboldsymbols=\mathgroup6
LaTeX Font Info:    Redeclaring math alphabet \mathbf on input line 138.
LaTeX Info: Redefining \bm on input line 204.
)
(/usr/share/texlive/texmf-dist/tex/latex/bbold/bbold.sty
Package: bbold 1994/04/06 Bbold symbol package
)
(/usr/share/texlive/texmf-dist/tex/latex/parskip/parskip.sty
Package: parskip 2001/04/09 non-zero parskip adjustments
)

LaTeX Warning: Unused global option(s):
    [letter].

(./bragg.aux)
\openout1 = `bragg.aux'.

LaTeX Font Info:    Checking defaults for OML/cmm/m/it on input line 54.
LaTeX Font Info:    ... okay on input line 54.
LaTeX Font Info:    Checking defaults for T1/cmr/m/n on input line 54.
LaTeX Font Info:    ... okay on input line 54.
LaTeX Font Info:    Checking defaults for OT1/cmr/m/n on input line 54.
LaTeX Font Info:    ... okay on input line 54.
LaTeX Font Info:    Checking defaults for OMS/cmsy/m/n on input line 54.
LaTeX Font Info:    ... okay on input line 54.
LaTeX Font Info:    Checking defaults for OMX/cmex/m/n on input line 54.
LaTeX Font Info:    ... okay on input line 54.
LaTeX Font Info:    Checking defaults for U/cmr/m/n on input line 54.
LaTeX Font Info:    ... okay on input line 54.
LaTeX Font Info:    Checking defaults for LGR/cmr/m/n on input line 54.
LaTeX Font Info:    Try loading font information for LGR+cmr on input line 54.
 (/usr/share/texlive/texmf-dist/tex/generic/babel-greek/lgrcmr.fd
File: lgrcmr.fd 2008/06/17 v2.3 Greek Computer Modern
)
LaTeX Font Info:    ... okay on input line 54.
*geometry* driver: auto-detecting
*geometry* detected driver: pdftex
*geometry* verbose mode - [ preamble ] result:
* driver: pdftex
* paper: <default>
* layout: <same size as paper>
* layoutoffset:(h,v)=(0.0pt,0.0pt)
* modes: 
* h-part:(L,W,R)=(61.42993pt, 491.43513pt, 61.42993pt)
* v-part:(T,H,B)=(46.97505pt, 682.95238pt, 65.04256pt)
* \paperwidth=614.295pt
* \paperheight=794.96999pt
* \textwidth=491.43513pt
* \textheight=682.95238pt
* \oddsidemargin=-10.84006pt
* \evensidemargin=-10.84006pt
* \topmargin=-62.29494pt
* \headheight=12.0pt
* \headsep=25.0pt
* \topskip=11.0pt
* \footskip=30.0pt
* \marginparwidth=59.0pt
* \marginparsep=10.0pt
* \columnsep=10.0pt
* \skip\footins=10.0pt plus 4.0pt minus 2.0pt
* \hoffset=0.0pt
* \voffset=0.0pt
* \mag=1000
* \@twocolumnfalse
* \@twosidefalse
* \@mparswitchfalse
* \@reversemarginfalse
* (1in=72.27pt=25.4mm, 1cm=28.453pt)

(/usr/share/texlive/texmf-dist/tex/context/base/supp-pdf.mkii
[Loading MPS to PDF converter (version 2006.09.02).]
\scratchcounter=\count116
\scratchdimen=\dimen141
\scratchbox=\box56
\nofMPsegments=\count117
\nofMParguments=\count118
\everyMPshowfont=\toks23
\MPscratchCnt=\count119
\MPscratchDim=\dimen142
\MPnumerator=\count120
\makeMPintoPDFobject=\count121
\everyMPtoPDFconversion=\toks24
) (/usr/share/texlive/texmf-dist/tex/generic/oberdiek/pdftexcmds.sty
Package: pdftexcmds 2011/11/29 v0.20 Utility functions of pdfTeX for LuaTeX (HO
)

(/usr/share/texlive/texmf-dist/tex/generic/oberdiek/ifluatex.sty
Package: ifluatex 2010/03/01 v1.3 Provides the ifluatex switch (HO)
Package ifluatex Info: LuaTeX not detected.
)
Package pdftexcmds Info: LuaTeX not detected.
Package pdftexcmds Info: \pdf@primitive is available.
Package pdftexcmds Info: \pdf@ifprimitive is available.
Package pdftexcmds Info: \pdfdraftmode found.
)
(/usr/share/texlive/texmf-dist/tex/latex/oberdiek/epstopdf-base.sty
Package: epstopdf-base 2010/02/09 v2.5 Base part for package epstopdf

(/usr/share/texlive/texmf-dist/tex/latex/oberdiek/grfext.sty
Package: grfext 2010/08/19 v1.1 Manage graphics extensions (HO)

(/usr/share/texlive/texmf-dist/tex/generic/oberdiek/kvdefinekeys.sty
Package: kvdefinekeys 2011/04/07 v1.3 Define keys (HO)
))
(/usr/share/texlive/texmf-dist/tex/latex/oberdiek/kvoptions.sty
Package: kvoptions 2011/06/30 v3.11 Key value format for package options (HO)

(/usr/share/texlive/texmf-dist/tex/generic/oberdiek/kvsetkeys.sty
Package: kvsetkeys 2012/04/25 v1.16 Key value parser (HO)

(/usr/share/texlive/texmf-dist/tex/generic/oberdiek/etexcmds.sty
Package: etexcmds 2011/02/16 v1.5 Avoid name clashes with e-TeX commands (HO)
Package etexcmds Info: Could not find \expanded.
(etexcmds)             That can mean that you are not using pdfTeX 1.50 or
(etexcmds)             that some package has redefined \expanded.
(etexcmds)             In the latter case, load this package earlier.
)))
Package grfext Info: Graphics extension search list:
(grfext)             [.png,.pdf,.jpg,.mps,.jpeg,.jbig2,.jb2,.PNG,.PDF,.JPG,.JPE
G,.JBIG2,.JB2,.eps]
(grfext)             \AppendGraphicsExtensions on input line 452.

(/usr/share/texlive/texmf-dist/tex/latex/latexconfig/epstopdf-sys.cfg
File: epstopdf-sys.cfg 2010/07/13 v1.3 Configuration of (r)epstopdf for TeX Liv
e
))
[1

{/var/lib/texmf/fonts/map/pdftex/updmap/pdftex.map}] [2]
LaTeX Font Info:    Try loading font information for U+bbold on input line 250.


(/usr/share/texlive/texmf-dist/tex/latex/bbold/Ubbold.fd) [3] [4] [5]
Underfull \hbox (badness 7595) detected at line 792
 []$[]  \OML/cmm/m/it/10.95 I \OT1/cmr/m/n/10.95 = [][] [] []$ [][]  
 []

[6] [7] [8] [9] [10] [11]
<figures_140308/Noise_hist_p.png, id=54, 925.056pt x 693.792pt>
File: figures_140308/Noise_hist_p.png Graphic file (type png)

<use figures_140308/Noise_hist_p.png>
Package pdftex.def Info: figures_140308/Noise_hist_p.png used on input line 145
9.
(pdftex.def)             Requested size: 491.43513pt x 368.5761pt.

<figures_140308/Noise_hist.png, id=56, 925.056pt x 693.792pt>
File: figures_140308/Noise_hist.png Graphic file (type png)

<use figures_140308/Noise_hist.png>
Package pdftex.def Info: figures_140308/Noise_hist.png used on input line 1479.

(pdftex.def)             Requested size: 491.43513pt x 368.5761pt.

<figures_140308/CrystalSize_plot.png, id=57, 693.792pt x 520.05492pt>
File: figures_140308/CrystalSize_plot.png Graphic file (type png)

<use figures_140308/CrystalSize_plot.png>
Package pdftex.def Info: figures_140308/CrystalSize_plot.png used on input line
 1490.
(pdftex.def)             Requested size: 491.43513pt x 368.36867pt.

<figures_140308/spi-variance.png, id=58, 722.7pt x 238.491pt>
File: figures_140308/spi-variance.png Graphic file (type png)

<use figures_140308/spi-variance.png>
Package pdftex.def Info: figures_140308/spi-variance.png used on input line 150
3.
(pdftex.def)             Requested size: 491.43513pt x 162.17535pt.
 [12] [13 <./figures_140308/Noise_hist_p.png>] [14 <./figures_140308/Noise_hist
.png>] [15 <./figures_140308/CrystalSize_plot.png> <./figures_140308/spi-varian
ce.png>] [16] [17]
<figures_140308/rocking-fourier.png, id=85, 361.35pt x 246.1195pt>
File: figures_140308/rocking-fourier.png Graphic file (type png)

<use figures_140308/rocking-fourier.png>
Package pdftex.def Info: figures_140308/rocking-fourier.png used on input line 
1754.
(pdftex.def)             Requested size: 294.86407pt x 200.83536pt.
 [18 <./figures_140308/rocking-fourier.png (PNG copy)>] <figures_140308/Rocking
_20.png, id=92, 614.295pt x 542.025pt>
File: figures_140308/Rocking_20.png Graphic file (type png)

<use figures_140308/Rocking_20.png>
Package pdftex.def Info: figures_140308/Rocking_20.png used on input line 1786.

(pdftex.def)             Requested size: 294.86407pt x 260.1773pt.

<figures_140308/Rocking_30.png, id=93, 614.295pt x 542.025pt>
File: figures_140308/Rocking_30.png Graphic file (type png)

<use figures_140308/Rocking_30.png>
Package pdftex.def Info: figures_140308/Rocking_30.png used on input line 1794.

(pdftex.def)             Requested size: 294.86407pt x 260.1773pt.

<figures_140308/Rocking_40.png, id=94, 614.295pt x 542.025pt>
File: figures_140308/Rocking_40.png Graphic file (type png)

<use figures_140308/Rocking_40.png>
Package pdftex.def Info: figures_140308/Rocking_40.png used on input line 1802.

(pdftex.def)             Requested size: 294.86407pt x 260.1773pt.

<figures_140308/Rocking_50.png, id=95, 614.295pt x 542.025pt>
File: figures_140308/Rocking_50.png Graphic file (type png)

<use figures_140308/Rocking_50.png>
Package pdftex.def Info: figures_140308/Rocking_50.png used on input line 1810.

(pdftex.def)             Requested size: 294.86407pt x 260.1773pt.


LaTeX Warning: `h' float specifier changed to `ht'.

[19 <./figures_140308/Rocking_20.png>] [20 <./figures_140308/Rocking_30.png> <.
/figures_140308/Rocking_40.png>] [21 <./figures_140308/Rocking_50.png>]
[22] [23] [24] [25]
Overfull \hbox (1.31168pt too wide) in paragraph at lines 2226--2258
[][] 
 []

[26]
Overfull \hbox (8.70056pt too wide) in paragraph at lines 2268--2307
[][] 
 []

<figures_140128/sdat_average_m.png, id=127, 505.89pt x 621.522pt>
File: figures_140128/sdat_average_m.png Graphic file (type png)

<use figures_140128/sdat_average_m.png>
Package pdftex.def Info: figures_140128/sdat_average_m.png used on input line 2
349.
(pdftex.def)             Requested size: 442.28862pt x 543.39418pt.
 [27] [28 <./figures_140128/sdat_average_m.png>]
<figures_140130/densityinspec_380a0_avg.png, id=136, 289.08pt x 289.08pt>
File: figures_140130/densityinspec_380a0_avg.png Graphic file (type png)

<use figures_140130/densityinspec_380a0_avg.png>
Package pdftex.def Info: figures_140130/densityinspec_380a0_avg.png used on inp
ut line 2421.
(pdftex.def)             Requested size: 196.57104pt x 196.5718pt.

<figures_140130/GR.png, id=137, 722.7pt x 252.945pt>
File: figures_140130/GR.png Graphic file (type png)

<use figures_140130/GR.png>
Package pdftex.def Info: figures_140130/GR.png used on input line 2437.
(pdftex.def)             Requested size: 491.43513pt x 172.00418pt.

<figures_140130/insitu_D.png, id=138, 260.172pt x 224.037pt>
File: figures_140130/insitu_D.png Graphic file (type png)

<use figures_140130/insitu_D.png>
Package pdftex.def Info: figures_140130/insitu_D.png used on input line 2455.
(pdftex.def)             Requested size: 196.57104pt x 169.2785pt.

<figures_140130/insitu_density.png, id=139, 281.853pt x 361.35pt>
File: figures_140130/insitu_density.png Graphic file (type png)

<use figures_140130/insitu_density.png>
Package pdftex.def Info: figures_140130/insitu_density.png used on input line 2
464.
(pdftex.def)             Requested size: 196.57104pt x 252.01697pt.
 [29] [30 <./figures_140130/densityinspec_380a0_avg.png> <./figures_140130/GR.p
ng> <./figures_140130/insitu_D.png>]
<figures_140130/111_0580a0.png, id=149, 578.16pt x 346.896pt>
File: figures_140130/111_0580a0.png Graphic file (type png)

<use figures_140130/111_0580a0.png>
Package pdftex.def Info: figures_140130/111_0580a0.png used on input line 2490.

(pdftex.def)             Requested size: 491.43513pt x 294.85768pt.

Overfull \hbox (1.29237pt too wide) in paragraph at lines 2528--2528
[]\OT1/cmtt/m/n/10.95 -------------------------------[] 
 []


Overfull \hbox (1.29237pt too wide) in paragraph at lines 2528--2528
[]\OT1/cmtt/m/n/10.95 bin#     nb     t/tb      Ub/tb[] 
 []


Overfull \hbox (1.29237pt too wide) in paragraph at lines 2528--2528
[]\OT1/cmtt/m/n/10.95 -------------------------------[] 
 []


Overfull \hbox (1.29237pt too wide) in paragraph at lines 2528--2528
[]\OT1/cmtt/m/n/10.95 000    0.84     0.91       9.97[] 
 []


Overfull \hbox (1.29237pt too wide) in paragraph at lines 2528--2528
[]\OT1/cmtt/m/n/10.95 001    0.58     0.79       7.82[] 
 []


Overfull \hbox (1.29237pt too wide) in paragraph at lines 2528--2528
[]\OT1/cmtt/m/n/10.95 002    0.34     0.70       6.19[] 
 []


Overfull \hbox (1.29237pt too wide) in paragraph at lines 2528--2528
[]\OT1/cmtt/m/n/10.95 003    0.11     0.57       4.13[] 
 []


Overfull \hbox (1.29237pt too wide) in paragraph at lines 2528--2528
[]\OT1/cmtt/m/n/10.95 004    0.01     0.38       1.49[] 
 []

[31 <./figures_140130/insitu_density.png>] [32 <./figures_140130/111_0580a0.png
>] [33]
Overfull \hbox (7.04106pt too wide) in paragraph at lines 2702--2702
[]\OT1/cmtt/m/n/10.95 --------------------------------[] 
 []


Overfull \hbox (1.29237pt too wide) in paragraph at lines 2702--2702
[]\OT1/cmtt/m/n/10.95 bin#      nb     t/tb         u[] 
 []


Overfull \hbox (7.04106pt too wide) in paragraph at lines 2702--2702
[]\OT1/cmtt/m/n/10.95 --------------------------------[] 
 []


Overfull \hbox (1.29237pt too wide) in paragraph at lines 2702--2702
[]\OT1/cmtt/m/n/10.95 000    0.92      0.91      0.85[] 
 []


Overfull \hbox (1.29237pt too wide) in paragraph at lines 2702--2702
[]\OT1/cmtt/m/n/10.95 001    0.63      0.80      0.67[] 
 []


Overfull \hbox (1.29237pt too wide) in paragraph at lines 2702--2702
[]\OT1/cmtt/m/n/10.95 002    0.37      0.71      0.54[] 
 []


Overfull \hbox (1.29237pt too wide) in paragraph at lines 2702--2702
[]\OT1/cmtt/m/n/10.95 003    0.12      0.59      0.37[] 
 []


Overfull \hbox (1.29237pt too wide) in paragraph at lines 2702--2702
[]\OT1/cmtt/m/n/10.95 004    0.01      0.39      0.14[] 
 []

[34] [35] (./bragg.bbl) [36] (./bragg.aux) ) 
Here is how much of TeX's memory you used:
 5010 strings out of 493307
 74683 string characters out of 6139906
 158449 words of memory out of 5000000
 8312 multiletter control sequences out of 15000+600000
 21557 words of font info for 79 fonts, out of 8000000 for 9000
 957 hyphenation exceptions out of 8191
 38i,24n,43p,353b,301s stack positions out of 5000i,500n,10000p,200000b,80000s
</usr/share/texlive/texmf-dist/font
s/type1/public/bbold-type1/bbold10.pfb></usr/share/texlive/texmf-dist/fonts/typ
e1/public/bbold-type1/bbold7.pfb></usr/share/texlive/texmf-dist/fonts/type1/pub
lic/amsfonts/cm/cmbx10.pfb></usr/share/texlive/texmf-dist/fonts/type1/public/am
sfonts/cm/cmbx12.pfb></usr/share/texlive/texmf-dist/fonts/type1/public/amsfonts
/cm/cmbx7.pfb></usr/share/texlive/texmf-dist/fonts/type1/public/amsfonts/cm/cmb
x8.pfb></usr/share/texlive/texmf-dist/fonts/type1/public/amsfonts/cm/cmex10.pfb
></usr/share/texlive/texmf-dist/fonts/type1/public/amsfonts/cm/cmmi10.pfb></usr
/share/texlive/texmf-dist/fonts/type1/public/amsfonts/cm/cmmi12.pfb></usr/share
/texlive/texmf-dist/fonts/type1/public/amsfonts/cm/cmmi5.pfb></usr/share/texliv
e/texmf-dist/fonts/type1/public/amsfonts/cm/cmmi6.pfb></usr/share/texlive/texmf
-dist/fonts/type1/public/amsfonts/cm/cmmi7.pfb></usr/share/texlive/texmf-dist/f
onts/type1/public/amsfonts/cm/cmmi8.pfb></usr/share/texlive/texmf-dist/fonts/ty
pe1/public/amsfonts/cm/cmmib10.pfb></usr/share/texlive/texmf-dist/fonts/type1/p
ublic/amsfonts/cmextra/cmmib6.pfb></usr/share/texlive/texmf-dist/fonts/type1/pu
blic/amsfonts/cmextra/cmmib7.pfb></usr/share/texlive/texmf-dist/fonts/type1/pub
lic/amsfonts/cmextra/cmmib8.pfb></usr/share/texlive/texmf-dist/fonts/type1/publ
ic/amsfonts/cm/cmr10.pfb></usr/share/texlive/texmf-dist/fonts/type1/public/amsf
onts/cm/cmr6.pfb></usr/share/texlive/texmf-dist/fonts/type1/public/amsfonts/cm/
cmr7.pfb></usr/share/texlive/texmf-dist/fonts/type1/public/amsfonts/cm/cmr8.pfb
></usr/share/texlive/texmf-dist/fonts/type1/public/amsfonts/cm/cmr9.pfb></usr/s
hare/texlive/texmf-dist/fonts/type1/public/amsfonts/cm/cmsy10.pfb></usr/share/t
exlive/texmf-dist/fonts/type1/public/amsfonts/cm/cmsy6.pfb></usr/share/texlive/
texmf-dist/fonts/type1/public/amsfonts/cm/cmsy8.pfb></usr/share/texlive/texmf-d
ist/fonts/type1/public/amsfonts/cm/cmti10.pfb></usr/share/texlive/texmf-dist/fo
nts/type1/public/amsfonts/cm/cmtt10.pfb></usr/share/texlive/texmf-dist/fonts/ty
pe1/public/amsfonts/cm/cmtt8.pfb>
Output written on bragg.pdf (36 pages, 4517508 bytes).
PDF statistics:
 262 PDF objects out of 1000 (max. 8388607)
 165 compressed objects within 2 object streams
 0 named destinations out of 1000 (max. 500000)
 76 words of extra memory for PDF output out of 10000 (max. 10000000)

